<?xml version="1.0" encoding="UTF-8"?>
<coverage generated="1736887644097" clover="3.2.0">
  <project timestamp="1736887644098" name="All files">
    <metrics statements="47" coveredstatements="37" conditionals="20" coveredconditionals="10" methods="10" coveredmethods="9" elements="77" coveredelements="56" complexity="0" loc="47" ncloc="47" packages="2" files="2" classes="2"/>
    <package name="src">
      <metrics statements="44" coveredstatements="34" conditionals="20" coveredconditionals="10" methods="9" coveredmethods="8"/>
      <file name="index.ts" path="D:\Projects\fsd-component-gen\src\index.ts">
        <metrics statements="44" coveredstatements="34" conditionals="20" coveredconditionals="10" methods="9" coveredmethods="8"/>
        <line num="2" count="3" type="stmt"/>
        <line num="3" count="3" type="stmt"/>
        <line num="6" count="3" type="stmt"/>
        <line num="7" count="10" type="stmt"/>
        <line num="10" count="3" type="stmt"/>
        <line num="11" count="9" type="stmt"/>
        <line num="15" count="3" type="stmt"/>
        <line num="17" count="8" type="stmt"/>
        <line num="21" count="1" type="stmt"/>
        <line num="35" count="3" type="stmt"/>
        <line num="41" count="3" type="cond" truecount="1" falsecount="0"/>
        <line num="42" count="5" type="stmt"/>
        <line num="44" count="5" type="stmt"/>
        <line num="46" count="5" type="stmt"/>
        <line num="54" count="0" type="cond" truecount="0" falsecount="2"/>
        <line num="60" count="2" type="cond" truecount="2" falsecount="0"/>
        <line num="66" count="2" type="stmt"/>
        <line num="77" count="2" type="stmt"/>
        <line num="78" count="2" type="stmt"/>
        <line num="81" count="2" type="cond" truecount="2" falsecount="0"/>
        <line num="82" count="1" type="stmt"/>
        <line num="88" count="1" type="stmt"/>
        <line num="94" count="1" type="stmt"/>
        <line num="100" count="1" type="stmt"/>
        <line num="108" count="1" type="cond" truecount="1" falsecount="1"/>
        <line num="109" count="0" type="stmt"/>
        <line num="123" count="0" type="stmt"/>
        <line num="132" count="1" type="cond" truecount="1" falsecount="1"/>
        <line num="133" count="0" type="stmt"/>
        <line num="139" count="0" type="stmt"/>
        <line num="145" count="0" type="stmt"/>
        <line num="151" count="0" type="stmt"/>
        <line num="157" count="0" type="stmt"/>
        <line num="166" count="1" type="stmt"/>
        <line num="175" count="1" type="stmt"/>
        <line num="181" count="1" type="stmt"/>
        <line num="187" count="1" type="stmt"/>
        <line num="195" count="2" type="cond" truecount="1" falsecount="0"/>
        <line num="196" count="1" type="stmt"/>
        <line num="202" count="1" type="stmt"/>
        <line num="210" count="2" type="stmt"/>
        <line num="211" count="2" type="stmt"/>
        <line num="213" count="0" type="stmt"/>
        <line num="214" count="0" type="stmt"/>
      </file>
    </package>
    <package name="src.utils">
      <metrics statements="3" coveredstatements="3" conditionals="0" coveredconditionals="0" methods="1" coveredmethods="1"/>
      <file name="paths.ts" path="D:\Projects\fsd-component-gen\src\utils\paths.ts">
        <metrics statements="3" coveredstatements="3" conditionals="0" coveredconditionals="0" methods="1" coveredmethods="1"/>
        <line num="1" count="3" type="stmt"/>
        <line num="3" count="3" type="stmt"/>
        <line num="4" count="3" type="stmt"/>
      </file>
    </package>
  </project>
</coverage>
