{"D:\\Projects\\fsd-component-gen\\src\\index.ts": {"path":"D:\\Projects\\fsd-component-gen\\src\\index.ts","statementMap":{"0":{"start":{"line":6,"column":0},"end":{"line":6,"column":16}},"1":{"start":{"line":10,"column":0},"end":{"line":10,"column":16}},"2":{"start":{"line":41,"column":0},"end":{"line":41,"column":25}},"3":{"start":{"line":2,"column":0},"end":{"line":2,"column":31}},"4":{"start":{"line":3,"column":0},"end":{"line":3,"column":49}},"5":{"start":{"line":7,"column":2},"end":{"line":7,"column":42}},"6":{"start":{"line":11,"column":2},"end":{"line":11,"column":39}},"7":{"start":{"line":17,"column":4},"end":{"line":17,"column":56}},"8":{"start":{"line":21,"column":4},"end":{"line":21,"column":71}},"9":{"start":{"line":15,"column":0},"end":{"line":15,"column":13}},"10":{"start":{"line":35,"column":44},"end":{"line":39,"column":2}},"11":{"start":{"line":42,"column":22},"end":{"line":42,"column":54}},"12":{"start":{"line":44,"column":2},"end":{"line":44,"column":57}},"13":{"start":{"line":46,"column":2},"end":{"line":217,"column":5}},"14":{"start":{"line":54,"column":29},"end":{"line":54,"column":95}},"15":{"start":{"line":60,"column":29},"end":{"line":60,"column":113}},"16":{"start":{"line":66,"column":27},"end":{"line":66,"column":52}},"17":{"start":{"line":77,"column":6},"end":{"line":215,"column":7}},"18":{"start":{"line":78,"column":24},"end":{"line":78,"column":26}},"19":{"start":{"line":81,"column":8},"end":{"line":192,"column":9}},"20":{"start":{"line":82,"column":10},"end":{"line":86,"column":13}},"21":{"start":{"line":88,"column":10},"end":{"line":92,"column":13}},"22":{"start":{"line":94,"column":10},"end":{"line":98,"column":13}},"23":{"start":{"line":100,"column":10},"end":{"line":104,"column":13}},"24":{"start":{"line":108,"column":13},"end":{"line":192,"column":9}},"25":{"start":{"line":109,"column":10},"end":{"line":121,"column":12}},"26":{"start":{"line":123,"column":10},"end":{"line":128,"column":13}},"27":{"start":{"line":132,"column":13},"end":{"line":192,"column":9}},"28":{"start":{"line":133,"column":10},"end":{"line":137,"column":13}},"29":{"start":{"line":139,"column":10},"end":{"line":143,"column":13}},"30":{"start":{"line":145,"column":10},"end":{"line":149,"column":13}},"31":{"start":{"line":151,"column":10},"end":{"line":155,"column":13}},"32":{"start":{"line":157,"column":10},"end":{"line":161,"column":13}},"33":{"start":{"line":166,"column":10},"end":{"line":173,"column":13}},"34":{"start":{"line":175,"column":10},"end":{"line":179,"column":13}},"35":{"start":{"line":181,"column":10},"end":{"line":185,"column":13}},"36":{"start":{"line":187,"column":10},"end":{"line":191,"column":13}},"37":{"start":{"line":195,"column":8},"end":{"line":208,"column":9}},"38":{"start":{"line":196,"column":10},"end":{"line":200,"column":13}},"39":{"start":{"line":202,"column":10},"end":{"line":207,"column":13}},"40":{"start":{"line":210,"column":8},"end":{"line":210,"column":86}},"41":{"start":{"line":211,"column":8},"end":{"line":211,"column":23}},"42":{"start":{"line":213,"column":8},"end":{"line":213,"column":41}},"43":{"start":{"line":214,"column":8},"end":{"line":214,"column":20}}},"fnMap":{"0":{"name":"validateComponentName","decl":{"start":{"line":6,"column":16},"end":{"line":6,"column":37}},"loc":{"start":{"line":6,"column":50},"end":{"line":8,"column":1}}},"1":{"name":"validateLayer","decl":{"start":{"line":10,"column":16},"end":{"line":10,"column":29}},"loc":{"start":{"line":10,"column":68},"end":{"line":12,"column":1}}},"2":{"name":"(anonymous_2)","decl":{"start":{"line":16,"column":2},"end":{"line":16,"column":8}},"loc":{"start":{"line":16,"column":29},"end":{"line":18,"column":3}}},"3":{"name":"(anonymous_3)","decl":{"start":{"line":20,"column":2},"end":{"line":20,"column":8}},"loc":{"start":{"line":20,"column":27},"end":{"line":22,"column":3}}},"4":{"name":"default_1","decl":{"start":{"line":41,"column":0},"end":{"line":41,"column":25}},"loc":{"start":{"line":41,"column":85},"end":{"line":218,"column":1}}},"5":{"name":"(anonymous_5)","decl":{"start":{"line":54,"column":18},"end":{"line":54,"column":19}},"loc":{"start":{"line":54,"column":29},"end":{"line":54,"column":95}}},"6":{"name":"(anonymous_6)","decl":{"start":{"line":60,"column":18},"end":{"line":60,"column":19}},"loc":{"start":{"line":60,"column":29},"end":{"line":60,"column":113}}},"7":{"name":"(anonymous_7)","decl":{"start":{"line":66,"column":14},"end":{"line":66,"column":15}},"loc":{"start":{"line":66,"column":27},"end":{"line":66,"column":52}}},"8":{"name":"(anonymous_8)","decl":{"start":{"line":76,"column":13},"end":{"line":76,"column":23}},"loc":{"start":{"line":76,"column":27},"end":{"line":216,"column":5}}}},"branchMap":{"0":{"loc":{"start":{"line":41,"column":44},"end":{"line":41,"column":85}},"type":"default-arg","locations":[{"start":{"line":41,"column":83},"end":{"line":41,"column":85}}]},"1":{"loc":{"start":{"line":54,"column":29},"end":{"line":54,"column":95}},"type":"binary-expr","locations":[{"start":{"line":54,"column":29},"end":{"line":54,"column":76}},{"start":{"line":54,"column":80},"end":{"line":54,"column":95}}]},"2":{"loc":{"start":{"line":60,"column":29},"end":{"line":60,"column":113}},"type":"binary-expr","locations":[{"start":{"line":60,"column":29},"end":{"line":60,"column":57}},{"start":{"line":60,"column":61},"end":{"line":60,"column":113}}]},"3":{"loc":{"start":{"line":81,"column":8},"end":{"line":192,"column":9}},"type":"if","locations":[{"start":{"line":81,"column":8},"end":{"line":192,"column":9}},{"start":{"line":108,"column":13},"end":{"line":192,"column":9}}]},"4":{"loc":{"start":{"line":85,"column":62},"end":{"line":85,"column":114}},"type":"cond-expr","locations":[{"start":{"line":85,"column":77},"end":{"line":85,"column":96}},{"start":{"line":85,"column":99},"end":{"line":85,"column":114}}]},"5":{"loc":{"start":{"line":108,"column":13},"end":{"line":192,"column":9}},"type":"if","locations":[{"start":{"line":108,"column":13},"end":{"line":192,"column":9}},{"start":{"line":132,"column":13},"end":{"line":192,"column":9}}]},"6":{"loc":{"start":{"line":113,"column":64},"end":{"line":113,"column":116}},"type":"cond-expr","locations":[{"start":{"line":113,"column":79},"end":{"line":113,"column":98}},{"start":{"line":113,"column":101},"end":{"line":113,"column":116}}]},"7":{"loc":{"start":{"line":132,"column":13},"end":{"line":192,"column":9}},"type":"if","locations":[{"start":{"line":132,"column":13},"end":{"line":192,"column":9}},{"start":{"line":165,"column":13},"end":{"line":192,"column":9}}]},"8":{"loc":{"start":{"line":154,"column":62},"end":{"line":154,"column":114}},"type":"cond-expr","locations":[{"start":{"line":154,"column":77},"end":{"line":154,"column":96}},{"start":{"line":154,"column":99},"end":{"line":154,"column":114}}]},"9":{"loc":{"start":{"line":171,"column":14},"end":{"line":171,"column":72}},"type":"cond-expr","locations":[{"start":{"line":171,"column":30},"end":{"line":171,"column":49}},{"start":{"line":171,"column":52},"end":{"line":171,"column":72}}]},"10":{"loc":{"start":{"line":195,"column":8},"end":{"line":208,"column":9}},"type":"if","locations":[{"start":{"line":195,"column":8},"end":{"line":208,"column":9}}]}},"s":{"0":3,"1":3,"2":3,"3":3,"4":3,"5":10,"6":9,"7":8,"8":1,"9":3,"10":3,"11":5,"12":5,"13":5,"14":0,"15":2,"16":2,"17":2,"18":2,"19":2,"20":1,"21":1,"22":1,"23":1,"24":1,"25":0,"26":0,"27":1,"28":0,"29":0,"30":0,"31":0,"32":0,"33":1,"34":1,"35":1,"36":1,"37":2,"38":1,"39":1,"40":2,"41":2,"42":0,"43":0},"f":{"0":10,"1":9,"2":8,"3":1,"4":5,"5":0,"6":2,"7":2,"8":2},"b":{"0":[4],"1":[0,0],"2":[2,1],"3":[1,1],"4":[0,1],"5":[0,1],"6":[0,0],"7":[0,1],"8":[0,0],"9":[0,1],"10":[1]}}
,"D:\\Projects\\fsd-component-gen\\src\\utils\\paths.ts": {"path":"D:\\Projects\\fsd-component-gen\\src\\utils\\paths.ts","statementMap":{"0":{"start":{"line":3,"column":0},"end":{"line":3,"column":16}},"1":{"start":{"line":1,"column":0},"end":{"line":1,"column":31}},"2":{"start":{"line":4,"column":2},"end":{"line":4,"column":50}}},"fnMap":{"0":{"name":"getTemplatesPath","decl":{"start":{"line":3,"column":16},"end":{"line":3,"column":32}},"loc":{"start":{"line":3,"column":32},"end":{"line":5,"column":1}}}},"branchMap":{},"s":{"0":3,"1":3,"2":3},"f":{"0":3},"b":{}}
}
