TN:
SF:src\index.ts
FN:6,validateComponentName
FN:10,validateLayer
FN:16,(anonymous_2)
FN:20,(anonymous_3)
FN:41,default_1
FN:54,(anonymous_5)
FN:60,(anonymous_6)
FN:66,(anonymous_7)
FN:76,(anonymous_8)
FNF:9
FNH:8
FNDA:10,validateComponentName
FNDA:9,validateLayer
FNDA:8,(anonymous_2)
FNDA:1,(anonymous_3)
FNDA:5,default_1
FNDA:0,(anonymous_5)
FNDA:2,(anonymous_6)
FNDA:2,(anonymous_7)
FNDA:2,(anonymous_8)
DA:2,3
DA:3,3
DA:6,3
DA:7,10
DA:10,3
DA:11,9
DA:15,3
DA:17,8
DA:21,1
DA:35,3
DA:41,3
DA:42,5
DA:44,5
DA:46,5
DA:54,0
DA:60,2
DA:66,2
DA:77,2
DA:78,2
DA:81,2
DA:82,1
DA:88,1
DA:94,1
DA:100,1
DA:108,1
DA:109,0
DA:123,0
DA:132,1
DA:133,0
DA:139,0
DA:145,0
DA:151,0
DA:157,0
DA:166,1
DA:175,1
DA:181,1
DA:187,1
DA:195,2
DA:196,1
DA:202,1
DA:210,2
DA:211,2
DA:213,0
DA:214,0
LF:44
LH:34
BRDA:41,0,0,4
BRDA:54,1,0,0
BRDA:54,1,1,0
BRDA:60,2,0,2
BRDA:60,2,1,1
BRDA:81,3,0,1
BRDA:81,3,1,1
BRDA:85,4,0,0
BRDA:85,4,1,1
BRDA:108,5,0,0
BRDA:108,5,1,1
BRDA:113,6,0,0
BRDA:113,6,1,0
BRDA:132,7,0,0
BRDA:132,7,1,1
BRDA:154,8,0,0
BRDA:154,8,1,0
BRDA:171,9,0,0
BRDA:171,9,1,1
BRDA:195,10,0,1
BRF:20
BRH:10
end_of_record
TN:
SF:src\utils\paths.ts
FN:3,getTemplatesPath
FNF:1
FNH:1
FNDA:3,getTemplatesPath
DA:1,3
DA:3,3
DA:4,3
LF:3
LH:3
BRF:0
BRH:0
end_of_record
